Arguments: 
  /Users/z/.asdf/installs/nodejs/15.10.0/bin/node /Users/z/.asdf/installs/nodejs/15.10.0/.npm/bin/yarn add md-include --dev

PATH: 
  /Users/z/.asdf/installs/nodejs/15.10.0/bin:/Users/z/.asdf/installs/nodejs/15.10.0/.npm/bin:/Users/z/deno/extract/.direnv/bin:/Users/z/.zplugin/plugins/direnv---direnv:/Users/z/.zplugin/polaris/bin:/Users/z/.asdf/shims:/Users/z/.asdf/bin:/usr/local/opt/curl/bin:/Users/z/go/bin:/Users/z/.bin:/Users/z/.deno/bin:/Users/z/.yarn/bin:/Users/z/.config/yarn/global/node_modules/.bin:/usr/local/bin:/usr/bin:/bin:/usr/sbin:/sbin:/Library/Apple/usr/bin:/Users/z/.cargo/bin

Yarn version: 
  1.22.10

Node version: 
  15.10.0

Platform: 
  darwin x64

Trace: 
  Error: https://registry.npmjs.org/md-include: Not found
      at Request.params.callback [as _callback] (/Users/z/.asdf/installs/nodejs/15.10.0/.npm/lib/node_modules/yarn/lib/cli.js:66988:18)
      at Request.self.callback (/Users/z/.asdf/installs/nodejs/15.10.0/.npm/lib/node_modules/yarn/lib/cli.js:140662:22)
      at Request.emit (node:events:378:20)
      at Request.<anonymous> (/Users/z/.asdf/installs/nodejs/15.10.0/.npm/lib/node_modules/yarn/lib/cli.js:141634:10)
      at Request.emit (node:events:378:20)
      at IncomingMessage.<anonymous> (/Users/z/.asdf/installs/nodejs/15.10.0/.npm/lib/node_modules/yarn/lib/cli.js:141556:12)
      at Object.onceWrapper (node:events:484:28)
      at IncomingMessage.emit (node:events:390:22)
      at endReadableNT (node:internal/streams/readable:1307:12)
      at processTicksAndRejections (node:internal/process/task_queues:81:21)

npm manifest: 
  {
    "license": "MulanPSL-2.0",
    "exports": {
      ".": "./lib/index.js",
      "./*": "./lib/*"
    },
    "files": [
      "/lib"
    ],
    "dependencies": {},
    "devDependencies": {
      "coffeescript": "^2.5.1"
    },
    "scripts": {
      "prepare": "rm -rf lib && rsync -qav --include='*/' --include='*.txt' --include='*.js' --include='*.mjs' --exclude=* src/ lib/ && npx coffee -m --compile --output lib src/"
    },
    "type": "module"
  }

yarn manifest: 
  No manifest

Lockfile: 
  # THIS IS AN AUTOGENERATED FILE. DO NOT EDIT THIS FILE DIRECTLY.
  # yarn lockfile v1
  
  
  coffeescript@^2.5.1:
    version "2.5.1"
    resolved "https://registry.npmjs.org/coffeescript/-/coffeescript-2.5.1.tgz#b2442a1f2c806139669534a54adc35010559d16a"
    integrity sha512-J2jRPX0eeFh5VKyVnoLrfVFgLZtnnmp96WQSLAS8OrLm2wtQLcnikYKe1gViJKDH7vucjuhHvBKKBP3rKcD1tQ==
